2025/03/21 14:07:38 [notice] 9#9: using the "epoll" event method
2025/03/21 14:07:38 [notice] 9#9: nginx/1.27.4
2025/03/21 14:07:38 [notice] 9#9: built by gcc 12.2.0 (Debian 12.2.0-14) 
2025/03/21 14:07:38 [notice] 9#9: OS: Linux 5.14.0-572.el9.x86_64
2025/03/21 14:07:38 [notice] 9#9: getrlimit(RLIMIT_NOFILE): 1073741816:1073741816
2025/03/21 14:07:38 [notice] 9#9: start worker processes
2025/03/21 14:07:38 [notice] 9#9: start worker process 11
2025/03/21 14:07:38 [notice] 9#9: start worker process 12
2025/03/21 14:07:38 [notice] 9#9: start worker process 13
2025/03/21 14:07:38 [notice] 9#9: start worker process 14
2025/03/21 14:07:38 [notice] 9#9: start worker process 15
2025/03/21 14:07:38 [notice] 9#9: start worker process 16
2025/03/21 14:07:38 [notice] 9#9: start worker process 17
2025/03/21 14:07:38 [notice] 9#9: start worker process 18
2025/03/21 14:12:33 [notice] 8#8: using the "epoll" event method
2025/03/21 14:12:33 [notice] 8#8: nginx/1.27.4
2025/03/21 14:12:33 [notice] 8#8: built by gcc 12.2.0 (Debian 12.2.0-14) 
2025/03/21 14:12:33 [notice] 8#8: OS: Linux 5.14.0-572.el9.x86_64
2025/03/21 14:12:33 [notice] 8#8: getrlimit(RLIMIT_NOFILE): 1073741816:1073741816
2025/03/21 14:12:33 [notice] 8#8: start worker processes
2025/03/21 14:12:33 [notice] 8#8: start worker process 10
2025/03/21 14:12:33 [notice] 8#8: start worker process 11
2025/03/21 14:12:33 [notice] 8#8: start worker process 12
2025/03/21 14:12:33 [notice] 8#8: start worker process 13
2025/03/21 14:12:33 [notice] 8#8: start worker process 14
2025/03/21 14:12:33 [notice] 8#8: start worker process 15
2025/03/21 14:12:33 [notice] 8#8: start worker process 16
2025/03/21 14:12:33 [notice] 8#8: start worker process 17
