2025-03-21 05:13:25,603:DEBUG:certbot._internal.main:certbot version: 3.3.0
2025-03-21 05:13:25,604:DEBUG:certbot._internal.main:Location of certbot entry point: /usr/local/bin/certbot
2025-03-21 05:13:25,604:DEBUG:certbot._internal.main:Arguments: ['--webroot', '-w', '/usr/share/nginx/html/', '-d', 'iwibarngsbryn.f5.si']
2025-03-21 05:13:25,604:DEBUG:certbot._internal.main:Discovered plugins: PluginsRegistry(PluginEntryPoint#manual,PluginEntryPoint#null,PluginEntryPoint#standalone,PluginEntryPoint#webroot)
2025-03-21 05:13:25,611:DEBUG:certbot._internal.log:Root logging level set at 30
2025-03-21 05:13:25,612:DEBUG:certbot._internal.plugins.selection:Requested authenticator webroot and installer None
2025-03-21 05:13:25,612:DEBUG:certbot._internal.plugins.selection:Single candidate plugin: * webroot
Description: Saves the necessary validation files to a .well-known/acme-challenge/ directory within the nominated webroot path. A separate HTTP server must be running and serving files from the webroot path. HTTP challenge only (wildcards not supported).
Interfaces: Authenticator, Plugin
Entry point: EntryPoint(name='webroot', value='certbot._internal.plugins.webroot:Authenticator', group='certbot.plugins')
Initialized: <certbot._internal.plugins.webroot.Authenticator object at 0x7fa1addd40b0>
Prep: True
2025-03-21 05:13:25,612:DEBUG:certbot._internal.plugins.selection:Selected authenticator <certbot._internal.plugins.webroot.Authenticator object at 0x7fa1addd40b0> and installer None
2025-03-21 05:13:25,612:INFO:certbot._internal.plugins.selection:Plugins selected: Authenticator webroot, Installer None
2025-03-21 05:13:32,093:DEBUG:acme.client:Sending GET request to https://acme-v02.api.letsencrypt.org/directory.
2025-03-21 05:13:32,095:DEBUG:urllib3.connectionpool:Starting new HTTPS connection (1): acme-v02.api.letsencrypt.org:443
2025-03-21 05:13:32,698:DEBUG:urllib3.connectionpool:https://acme-v02.api.letsencrypt.org:443 "GET /directory HTTP/1.1" 200 1042
2025-03-21 05:13:32,698:DEBUG:acme.client:Received response:
HTTP 200
Server: nginx
Date: Fri, 21 Mar 2025 05:13:32 GMT
Content-Type: application/json
Content-Length: 1042
Connection: keep-alive
Cache-Control: public, max-age=0, no-cache
X-Frame-Options: DENY
Strict-Transport-Security: max-age=604800

{
  "D4LLKxqfvzw": "https://community.letsencrypt.org/t/adding-random-entries-to-the-directory/33417",
  "keyChange": "https://acme-v02.api.letsencrypt.org/acme/key-change",
  "meta": {
    "caaIdentities": [
      "letsencrypt.org"
    ],
    "profiles": {
      "classic": "https://letsencrypt.org/docs/profiles#classic",
      "shortlived": "https://letsencrypt.org/docs/profiles#shortlived (not yet generally available)",
      "tlsserver": "https://letsencrypt.org/docs/profiles#tlsserver (not yet generally available)"
    },
    "termsOfService": "https://letsencrypt.org/documents/LE-SA-v1.5-February-24-2025.pdf",
    "website": "https://letsencrypt.org"
  },
  "newAccount": "https://acme-v02.api.letsencrypt.org/acme/new-acct",
  "newNonce": "https://acme-v02.api.letsencrypt.org/acme/new-nonce",
  "newOrder": "https://acme-v02.api.letsencrypt.org/acme/new-order",
  "renewalInfo": "https://acme-v02.api.letsencrypt.org/draft-ietf-acme-ari-03/renewalInfo",
  "revokeCert": "https://acme-v02.api.letsencrypt.org/acme/revoke-cert"
}
2025-03-21 05:13:35,765:DEBUG:acme.client:Requesting fresh nonce
2025-03-21 05:13:35,765:DEBUG:acme.client:Sending HEAD request to https://acme-v02.api.letsencrypt.org/acme/new-nonce.
2025-03-21 05:13:35,914:DEBUG:urllib3.connectionpool:https://acme-v02.api.letsencrypt.org:443 "HEAD /acme/new-nonce HTTP/1.1" 200 0
2025-03-21 05:13:35,914:DEBUG:acme.client:Received response:
HTTP 200
Server: nginx
Date: Fri, 21 Mar 2025 05:13:35 GMT
Connection: keep-alive
Cache-Control: public, max-age=0, no-cache
Link: <https://acme-v02.api.letsencrypt.org/directory>;rel="index"
Replay-Nonce: 3u7v6Bm_h0cFBrN5GIaNxRqwsK4QeLRCPp7t-YH0Era1dvLpPNc
X-Frame-Options: DENY
Strict-Transport-Security: max-age=604800


2025-03-21 05:13:35,915:DEBUG:acme.client:Storing nonce: 3u7v6Bm_h0cFBrN5GIaNxRqwsK4QeLRCPp7t-YH0Era1dvLpPNc
2025-03-21 05:13:35,915:DEBUG:acme.client:JWS payload:
b'{\n  "termsOfServiceAgreed": true\n}'
2025-03-21 05:13:35,917:DEBUG:acme.client:Sending POST request to https://acme-v02.api.letsencrypt.org/acme/new-acct:
{
  "protected": "eyJhbGciOiAiUlMyNTYiLCAiandrIjogeyJuIjogInRtcDZQaHpCRU5EZU9mWjROOEhwMFlCZXVRYktTbk95VjZWNU1QN0c1c1p2aVdwUnB4X3BNcFUyOGxEUV9KSmIzVkxnY0k5bHcxYzV5N1NVX2cxR0Q3V3pvUkViTEpnYzA4X21nUFFnOGh4MnRxYUt0aDNYS0M0MmxCb09TME0zMXZhVVJLbjBJSzFPcGl6M29iSUE5SEFtYTB0TzNPZHQ0eXYzYzNoeUVIaVgyWWNxU21tU0tOd3MxZDkxLVdEdTJUOXZCOWlzWEJaRTZ4NXN5MkE2OVpheFZ4cnJMazFLdllVSnEzakEwMlpvd0VCa0tQeGJLUUpGVHRRUG9sYVRXeHA3M1VKSU84ZFExNWVmYnlIdnc4SjRUT2NGSW1WU0RNMFFJWm95eFU4bXRtVkZBWkFPSlBDMTRUNHZnZ1dDWTlEcW14LU13Zm5rZXBBOVMxRlAwdyIsICJlIjogIkFRQUIiLCAia3R5IjogIlJTQSJ9LCAibm9uY2UiOiAiM3U3djZCbV9oMGNGQnJONUdJYU54UnF3c0s0UWVMUkNQcDd0LVlIMEVyYTFkdkxwUE5jIiwgInVybCI6ICJodHRwczovL2FjbWUtdjAyLmFwaS5sZXRzZW5jcnlwdC5vcmcvYWNtZS9uZXctYWNjdCJ9",
  "signature": "JzAjNJS1jLiejy7IhXfl4nSdJjJVD0p9zXDf3JlO_wpkm69GYOZbPaCO_GwBc8Ia5wSLFA36Z4bdvwO9M9AQp4aFjchaLu9W0chOISMPleRBEC-gsI-xNWW1z0UCg2-eJF1Yym35hDy_K0i1jj-syRGw9GCVNXZtPYhQ_u8KwdioJQSncp6kDCCj-0j5BjMx6w0a9-EbQj1SYOTaTFo3t9fJKAKDqgMXnuS6xz7dP4JY6ulEFhud8RX5SJK0Zoi8lohHtQswMc_vjw7Uu6ggaRRtE7l5RRqsVPY1iWS_tB9nrRoCkayrcn0AccPIRiWwi-2LSwvLOxfYVADUGpBhUA",
  "payload": "ewogICJ0ZXJtc09mU2VydmljZUFncmVlZCI6IHRydWUKfQ"
}
2025-03-21 05:13:36,101:DEBUG:urllib3.connectionpool:https://acme-v02.api.letsencrypt.org:443 "POST /acme/new-acct HTTP/1.1" 201 477
2025-03-21 05:13:36,101:DEBUG:acme.client:Received response:
HTTP 201
Server: nginx
Date: Fri, 21 Mar 2025 05:13:36 GMT
Content-Type: application/json
Content-Length: 477
Connection: keep-alive
Boulder-Requester: 2294004676
Cache-Control: public, max-age=0, no-cache
Link: <https://acme-v02.api.letsencrypt.org/directory>;rel="index", <https://letsencrypt.org/documents/LE-SA-v1.5-February-24-2025.pdf>;rel="terms-of-service"
Location: https://acme-v02.api.letsencrypt.org/acme/acct/2294004676
Replay-Nonce: Gsl22hvl227tXofI9mg9vhRDicCruek6MMF98suWsHE-Li3C-y4
X-Frame-Options: DENY
Strict-Transport-Security: max-age=604800

{
  "key": {
    "kty": "RSA",
    "n": "tmp6PhzBENDeOfZ4N8Hp0YBeuQbKSnOyV6V5MP7G5sZviWpRpx_pMpU28lDQ_JJb3VLgcI9lw1c5y7SU_g1GD7WzoREbLJgc08_mgPQg8hx2tqaKth3XKC42lBoOS0M31vaURKn0IK1Opiz3obIA9HAma0tO3Odt4yv3c3hyEHiX2YcqSmmSKNws1d91-WDu2T9vB9isXBZE6x5sy2A69ZaxVxrrLk1KvYUJq3jA02ZowEBkKPxbKQJFTtQPolaTWxp73UJIO8dQ15efbyHvw8J4TOcFImVSDM0QIZoyxU8mtmVFAZAOJPC14T4vggWCY9Dqmx-MwfnkepA9S1FP0w",
    "e": "AQAB"
  },
  "createdAt": "2025-03-21T05:13:36.025343826Z",
  "status": "valid"
}
2025-03-21 05:13:36,101:DEBUG:acme.client:Storing nonce: Gsl22hvl227tXofI9mg9vhRDicCruek6MMF98suWsHE-Li3C-y4
2025-03-21 05:13:36,102:DEBUG:certbot._internal.display.obj:Notifying user: Account registered.
2025-03-21 05:13:36,102:DEBUG:certbot._internal.main:Picked account: <Account(RegistrationResource(body=Registration(key=JWKRSA(key=<ComparableRSAKey(<cryptography.hazmat.bindings._rust.openssl.rsa.RSAPublicKey object at 0x7fa1adbd0330>)>), contact=(), agreement=None, status='valid', terms_of_service_agreed=None, only_return_existing=None, external_account_binding=None), uri='https://acme-v02.api.letsencrypt.org/acme/acct/2294004676', new_authzr_uri=None, terms_of_service='https://letsencrypt.org/documents/LE-SA-v1.5-February-24-2025.pdf'), b2528fee95d7edf1747ee781ae003afb, Meta(creation_dt=datetime.datetime(2025, 3, 21, 5, 13, 36, tzinfo=<UTC>), creation_host='6b11085e782c', register_to_eff=None))>
2025-03-21 05:13:36,103:DEBUG:certbot._internal.display.obj:Notifying user: Requesting a certificate for iwibarngsbryn.f5.si
2025-03-21 05:13:36,104:DEBUG:acme.client:JWS payload:
b'{\n  "identifiers": [\n    {\n      "type": "dns",\n      "value": "iwibarngsbryn.f5.si"\n    }\n  ]\n}'
2025-03-21 05:13:36,105:DEBUG:acme.client:Sending POST request to https://acme-v02.api.letsencrypt.org/acme/new-order:
{
  "protected": "eyJhbGciOiAiUlMyNTYiLCAia2lkIjogImh0dHBzOi8vYWNtZS12MDIuYXBpLmxldHNlbmNyeXB0Lm9yZy9hY21lL2FjY3QvMjI5NDAwNDY3NiIsICJub25jZSI6ICJHc2wyMmh2bDIyN3RYb2ZJOW1nOXZoUkRpY0NydWVrNk1NRjk4c3VXc0hFLUxpM0MteTQiLCAidXJsIjogImh0dHBzOi8vYWNtZS12MDIuYXBpLmxldHNlbmNyeXB0Lm9yZy9hY21lL25ldy1vcmRlciJ9",
  "signature": "eGjW8HbSTU9JgBNqm3XHDQyJJmkW4m7j_v6IiJ2EErHp_p_MNhbSGxH7t1iPFW7FF4QCJcg6-A2LMODTk2g5wVzHVpq0eaZLpklI24xZKfgQYDiLqDyWv3ls9Lh3oMKVwEOPvAO87H1gCo_Pm0APTpCHJFlXjyOVOqHSsTFcuFFxu8ATEv2ENHQCVBzKAIoUqb2r1ejz_HiJOf-YYD2cI0Dx571nwtUYfN3i4D1bsLSdWKvVOUsod8W-5BwSUxKDkorl0sqWmuyui62x0AWZwL2cJGekbGUMuaop7EGUyezOFhhBz_u6YbNn2fODt-64qcsiA063g-o0lYE9nY3qvw",
  "payload": "ewogICJpZGVudGlmaWVycyI6IFsKICAgIHsKICAgICAgInR5cGUiOiAiZG5zIiwKICAgICAgInZhbHVlIjogIml3aWJhcm5nc2JyeW4uZjUuc2kiCiAgICB9CiAgXQp9"
}
2025-03-21 05:13:36,287:DEBUG:urllib3.connectionpool:https://acme-v02.api.letsencrypt.org:443 "POST /acme/new-order HTTP/1.1" 201 353
2025-03-21 05:13:36,287:DEBUG:acme.client:Received response:
HTTP 201
Server: nginx
Date: Fri, 21 Mar 2025 05:13:36 GMT
Content-Type: application/json
Content-Length: 353
Connection: keep-alive
Boulder-Requester: 2294004676
Cache-Control: public, max-age=0, no-cache
Link: <https://acme-v02.api.letsencrypt.org/directory>;rel="index"
Location: https://acme-v02.api.letsencrypt.org/acme/order/2294004676/365769735476
Replay-Nonce: Gsl22hvlsHV29EHv31eY1W5MVZn5WRFORvgoqXZ9UPgitnA70kg
X-Frame-Options: DENY
Strict-Transport-Security: max-age=604800

{
  "status": "pending",
  "expires": "2025-03-28T05:13:36Z",
  "identifiers": [
    {
      "type": "dns",
      "value": "iwibarngsbryn.f5.si"
    }
  ],
  "authorizations": [
    "https://acme-v02.api.letsencrypt.org/acme/authz/2294004676/493029081806"
  ],
  "finalize": "https://acme-v02.api.letsencrypt.org/acme/finalize/2294004676/365769735476"
}
2025-03-21 05:13:36,288:DEBUG:acme.client:Storing nonce: Gsl22hvlsHV29EHv31eY1W5MVZn5WRFORvgoqXZ9UPgitnA70kg
2025-03-21 05:13:36,289:DEBUG:acme.client:JWS payload:
b''
2025-03-21 05:13:36,291:DEBUG:acme.client:Sending POST request to https://acme-v02.api.letsencrypt.org/acme/authz/2294004676/493029081806:
{
  "protected": "eyJhbGciOiAiUlMyNTYiLCAia2lkIjogImh0dHBzOi8vYWNtZS12MDIuYXBpLmxldHNlbmNyeXB0Lm9yZy9hY21lL2FjY3QvMjI5NDAwNDY3NiIsICJub25jZSI6ICJHc2wyMmh2bHNIVjI5RUh2MzFlWTFXNU1WWm41V1JGT1J2Z29xWFo5VVBnaXRuQTcwa2ciLCAidXJsIjogImh0dHBzOi8vYWNtZS12MDIuYXBpLmxldHNlbmNyeXB0Lm9yZy9hY21lL2F1dGh6LzIyOTQwMDQ2NzYvNDkzMDI5MDgxODA2In0",
  "signature": "islqoKCdhT4pi7TfX2e5RcuYjwWPsN4JPaxOACqnELPzWrOQ2rgGSNBcnKQWr80-PvUetWEmRyHlqDNnpsBAOPtfSVA4InhFR4cVax1bWFQ1yPJbzCSpWduYNt_FiQj_G38noLmCBDJPgvcrlyTXApms98Frc-uSdTfSrFP7ZpOJgbGBGKGeP4Tdq1AkAkRCejLEekdeauqWXOjOmHixW0QCQt6EfLoQrchwdvyNJ2o6-I7ZngvgQiBAtFKsMdA_1MI8sFXdYANy3IYmiFppYCojmHw2p-TBJUMznTDoeMBTRnlPNUKbPuYEH-l7eHWFHjHW39gz90VTnyJynqrkmA",
  "payload": ""
}
2025-03-21 05:13:36,444:DEBUG:urllib3.connectionpool:https://acme-v02.api.letsencrypt.org:443 "POST /acme/authz/2294004676/493029081806 HTTP/1.1" 200 827
2025-03-21 05:13:36,444:DEBUG:acme.client:Received response:
HTTP 200
Server: nginx
Date: Fri, 21 Mar 2025 05:13:36 GMT
Content-Type: application/json
Content-Length: 827
Connection: keep-alive
Boulder-Requester: 2294004676
Cache-Control: public, max-age=0, no-cache
Link: <https://acme-v02.api.letsencrypt.org/directory>;rel="index"
Replay-Nonce: 3u7v6Bm_MD4W7CEzp0ihdXZQEbM8l8STb_r3AIUePUd2OF7t-Ns
X-Frame-Options: DENY
Strict-Transport-Security: max-age=604800

{
  "identifier": {
    "type": "dns",
    "value": "iwibarngsbryn.f5.si"
  },
  "status": "pending",
  "expires": "2025-03-28T05:13:36Z",
  "challenges": [
    {
      "type": "dns-01",
      "url": "https://acme-v02.api.letsencrypt.org/acme/chall/2294004676/493029081806/NgQzfQ",
      "status": "pending",
      "token": "OMM8vUDy4oWMzJqsNbfpV1bV1Y4_vofOeLe-U8bqd8o"
    },
    {
      "type": "tls-alpn-01",
      "url": "https://acme-v02.api.letsencrypt.org/acme/chall/2294004676/493029081806/nGWTWA",
      "status": "pending",
      "token": "OMM8vUDy4oWMzJqsNbfpV1bV1Y4_vofOeLe-U8bqd8o"
    },
    {
      "type": "http-01",
      "url": "https://acme-v02.api.letsencrypt.org/acme/chall/2294004676/493029081806/lHrLfg",
      "status": "pending",
      "token": "OMM8vUDy4oWMzJqsNbfpV1bV1Y4_vofOeLe-U8bqd8o"
    }
  ]
}
2025-03-21 05:13:36,444:DEBUG:acme.client:Storing nonce: 3u7v6Bm_MD4W7CEzp0ihdXZQEbM8l8STb_r3AIUePUd2OF7t-Ns
2025-03-21 05:13:36,445:INFO:certbot._internal.auth_handler:Performing the following challenges:
2025-03-21 05:13:36,445:INFO:certbot._internal.auth_handler:http-01 challenge for iwibarngsbryn.f5.si
2025-03-21 05:13:36,445:INFO:certbot._internal.plugins.webroot:Using the webroot path /usr/share/nginx/html for all unmatched domains.
2025-03-21 05:13:36,445:DEBUG:certbot._internal.plugins.webroot:Creating root challenges validation dir at /usr/share/nginx/html/.well-known/acme-challenge
2025-03-21 05:13:36,446:DEBUG:certbot._internal.plugins.webroot:Attempting to save validation to /usr/share/nginx/html/.well-known/acme-challenge/OMM8vUDy4oWMzJqsNbfpV1bV1Y4_vofOeLe-U8bqd8o
2025-03-21 05:13:36,446:DEBUG:acme.client:JWS payload:
b'{}'
2025-03-21 05:13:36,447:DEBUG:acme.client:Sending POST request to https://acme-v02.api.letsencrypt.org/acme/chall/2294004676/493029081806/lHrLfg:
{
  "protected": "eyJhbGciOiAiUlMyNTYiLCAia2lkIjogImh0dHBzOi8vYWNtZS12MDIuYXBpLmxldHNlbmNyeXB0Lm9yZy9hY21lL2FjY3QvMjI5NDAwNDY3NiIsICJub25jZSI6ICIzdTd2NkJtX01ENFc3Q0V6cDBpaGRYWlFFYk04bDhTVGJfcjNBSVVlUFVkMk9GN3QtTnMiLCAidXJsIjogImh0dHBzOi8vYWNtZS12MDIuYXBpLmxldHNlbmNyeXB0Lm9yZy9hY21lL2NoYWxsLzIyOTQwMDQ2NzYvNDkzMDI5MDgxODA2L2xIckxmZyJ9",
  "signature": "C9NVEL2InAMGFt3jMUko1BM1vFoZWJlSCCGWU5eF2aUgjynG9i8Da-I-qspHgbnROmaHxzNMREyVX5bVz5pypQltSq4aKckerrd0NFKW8X1wLdKvP2xjnEOG8wRzbXTZuyP9yaWACIpMaL2p-Xpxry_WwmfXts33nebDeBcZzzi8u1-3NLq2xKurn31iit5xabQUcNRTX43nzEYBmN_sRb6SujVvr9yCmm7peAaoIAtSAZeWmjgTdOWt37IXhzb0oFMs1ubukasifzeuvNJUNVnYuRlRUfyTLkZ-8M6Z9rwbZRKKgnDn6IU70NIjaIGE6sb-TyqnW_oYAJ3IqZySKg",
  "payload": "e30"
}
2025-03-21 05:13:36,615:DEBUG:urllib3.connectionpool:https://acme-v02.api.letsencrypt.org:443 "POST /acme/chall/2294004676/493029081806/lHrLfg HTTP/1.1" 200 195
2025-03-21 05:13:36,616:DEBUG:acme.client:Received response:
HTTP 200
Server: nginx
Date: Fri, 21 Mar 2025 05:13:36 GMT
Content-Type: application/json
Content-Length: 195
Connection: keep-alive
Boulder-Requester: 2294004676
Cache-Control: public, max-age=0, no-cache
Link: <https://acme-v02.api.letsencrypt.org/directory>;rel="index", <https://acme-v02.api.letsencrypt.org/acme/authz/2294004676/493029081806>;rel="up"
Location: https://acme-v02.api.letsencrypt.org/acme/chall/2294004676/493029081806/lHrLfg
Replay-Nonce: 3u7v6Bm_OZXBVdBxAWgPrbWkTvk4cv9rOhF7S1h_fCx-VFJC--o
X-Frame-Options: DENY
Strict-Transport-Security: max-age=604800

{
  "type": "http-01",
  "url": "https://acme-v02.api.letsencrypt.org/acme/chall/2294004676/493029081806/lHrLfg",
  "status": "pending",
  "token": "OMM8vUDy4oWMzJqsNbfpV1bV1Y4_vofOeLe-U8bqd8o"
}
2025-03-21 05:13:36,616:DEBUG:acme.client:Storing nonce: 3u7v6Bm_OZXBVdBxAWgPrbWkTvk4cv9rOhF7S1h_fCx-VFJC--o
2025-03-21 05:13:36,616:INFO:certbot._internal.auth_handler:Waiting for verification...
2025-03-21 05:13:37,616:DEBUG:acme.client:JWS payload:
b''
2025-03-21 05:13:37,617:DEBUG:acme.client:Sending POST request to https://acme-v02.api.letsencrypt.org/acme/authz/2294004676/493029081806:
{
  "protected": "eyJhbGciOiAiUlMyNTYiLCAia2lkIjogImh0dHBzOi8vYWNtZS12MDIuYXBpLmxldHNlbmNyeXB0Lm9yZy9hY21lL2FjY3QvMjI5NDAwNDY3NiIsICJub25jZSI6ICIzdTd2NkJtX09aWEJWZEJ4QVdnUHJiV2tUdms0Y3Y5ck9oRjdTMWhfZkN4LVZGSkMtLW8iLCAidXJsIjogImh0dHBzOi8vYWNtZS12MDIuYXBpLmxldHNlbmNyeXB0Lm9yZy9hY21lL2F1dGh6LzIyOTQwMDQ2NzYvNDkzMDI5MDgxODA2In0",
  "signature": "SiOkiw0mLVKnAgfnEWQwzayIjr0U9_bPP4ZpBTw_F6uE82XW8Qv_QbOpDtVB7gO2QZUHGIjHXx9WhKBRf4jcKvAiPPHfZMl-X6BVl5BCDVSwl9X_WWeQp6OayEJ5nM-mdneKIxz-2NKFrlQpa9_paMhNdcTi1SKFJkM9ZnaTz27pz884bYLBE7_KnMIJhwO3DwVB8qaLTv08uXQOXvYQYG3qORhG0eV7GCE75swFdbyROXDwA5IdgO5H3JC-1ErNzeGVx5p5JB0CnTgYZ9nSLGPKVA7FVD7k6yKlQGDjjVvQvxNG6rZFcVt7Nxu1JxC4nOPZoEoRFX0lJU0U4MZ-nQ",
  "payload": ""
}
2025-03-21 05:13:37,772:DEBUG:urllib3.connectionpool:https://acme-v02.api.letsencrypt.org:443 "POST /acme/authz/2294004676/493029081806 HTTP/1.1" 200 827
2025-03-21 05:13:37,773:DEBUG:acme.client:Received response:
HTTP 200
Server: nginx
Date: Fri, 21 Mar 2025 05:13:37 GMT
Content-Type: application/json
Content-Length: 827
Connection: keep-alive
Boulder-Requester: 2294004676
Cache-Control: public, max-age=0, no-cache
Link: <https://acme-v02.api.letsencrypt.org/directory>;rel="index"
Replay-Nonce: Gsl22hvlNTUGWuQdI9tT5TVnarUSohBLPto4Ok_Lu_i3sqh9fys
X-Frame-Options: DENY
Strict-Transport-Security: max-age=604800

{
  "identifier": {
    "type": "dns",
    "value": "iwibarngsbryn.f5.si"
  },
  "status": "pending",
  "expires": "2025-03-28T05:13:36Z",
  "challenges": [
    {
      "type": "dns-01",
      "url": "https://acme-v02.api.letsencrypt.org/acme/chall/2294004676/493029081806/NgQzfQ",
      "status": "pending",
      "token": "OMM8vUDy4oWMzJqsNbfpV1bV1Y4_vofOeLe-U8bqd8o"
    },
    {
      "type": "http-01",
      "url": "https://acme-v02.api.letsencrypt.org/acme/chall/2294004676/493029081806/lHrLfg",
      "status": "pending",
      "token": "OMM8vUDy4oWMzJqsNbfpV1bV1Y4_vofOeLe-U8bqd8o"
    },
    {
      "type": "tls-alpn-01",
      "url": "https://acme-v02.api.letsencrypt.org/acme/chall/2294004676/493029081806/nGWTWA",
      "status": "pending",
      "token": "OMM8vUDy4oWMzJqsNbfpV1bV1Y4_vofOeLe-U8bqd8o"
    }
  ]
}
2025-03-21 05:13:37,773:DEBUG:acme.client:Storing nonce: Gsl22hvlNTUGWuQdI9tT5TVnarUSohBLPto4Ok_Lu_i3sqh9fys
2025-03-21 05:13:40,774:DEBUG:acme.client:JWS payload:
b''
2025-03-21 05:13:40,774:DEBUG:acme.client:Sending POST request to https://acme-v02.api.letsencrypt.org/acme/authz/2294004676/493029081806:
{
  "protected": "eyJhbGciOiAiUlMyNTYiLCAia2lkIjogImh0dHBzOi8vYWNtZS12MDIuYXBpLmxldHNlbmNyeXB0Lm9yZy9hY21lL2FjY3QvMjI5NDAwNDY3NiIsICJub25jZSI6ICJHc2wyMmh2bE5UVUdXdVFkSTl0VDVUVm5hclVTb2hCTFB0bzRPa19MdV9pM3NxaDlmeXMiLCAidXJsIjogImh0dHBzOi8vYWNtZS12MDIuYXBpLmxldHNlbmNyeXB0Lm9yZy9hY21lL2F1dGh6LzIyOTQwMDQ2NzYvNDkzMDI5MDgxODA2In0",
  "signature": "SDjTvLtn2JBcJyvJ-bFuEPPdhJK_CeXDoUDfxT6n5Aun3-t7lm30Knx5on_n5dDyjWFuSmlCQmRsMTApzpw7YEZzit78c7qTE1mQvsgQAH7dj-v1gb4C67KFoii5oiqihskmvs-a3RR2GUyR6IkSSFtlT_N8PRoDnGMCxb6ms745KvK2tt5a08Mlamw3fm4sqEh2NE7bsGbR4uilXcKpikx_MIwJ-rEg3qyy19GlTsFdp4uan_cCfYIAm7wGILxfReeJJDNtJVjclrBdnXTyW-PMHiy6-HWd2BjXZJVwAivZZ-5-BWC90iArNVJf_jisv1nRkLyKS4_OErwkVvBdVQ",
  "payload": ""
}
2025-03-21 05:13:40,941:DEBUG:urllib3.connectionpool:https://acme-v02.api.letsencrypt.org:443 "POST /acme/authz/2294004676/493029081806 HTTP/1.1" 200 827
2025-03-21 05:13:40,941:DEBUG:acme.client:Received response:
HTTP 200
Server: nginx
Date: Fri, 21 Mar 2025 05:13:40 GMT
Content-Type: application/json
Content-Length: 827
Connection: keep-alive
Boulder-Requester: 2294004676
Cache-Control: public, max-age=0, no-cache
Link: <https://acme-v02.api.letsencrypt.org/directory>;rel="index"
Replay-Nonce: Gsl22hvl9D6DhQejnFyWxp97ncxN0qBumrStiU9Zrf4X0N2JCzk
X-Frame-Options: DENY
Strict-Transport-Security: max-age=604800

{
  "identifier": {
    "type": "dns",
    "value": "iwibarngsbryn.f5.si"
  },
  "status": "pending",
  "expires": "2025-03-28T05:13:36Z",
  "challenges": [
    {
      "type": "dns-01",
      "url": "https://acme-v02.api.letsencrypt.org/acme/chall/2294004676/493029081806/NgQzfQ",
      "status": "pending",
      "token": "OMM8vUDy4oWMzJqsNbfpV1bV1Y4_vofOeLe-U8bqd8o"
    },
    {
      "type": "http-01",
      "url": "https://acme-v02.api.letsencrypt.org/acme/chall/2294004676/493029081806/lHrLfg",
      "status": "pending",
      "token": "OMM8vUDy4oWMzJqsNbfpV1bV1Y4_vofOeLe-U8bqd8o"
    },
    {
      "type": "tls-alpn-01",
      "url": "https://acme-v02.api.letsencrypt.org/acme/chall/2294004676/493029081806/nGWTWA",
      "status": "pending",
      "token": "OMM8vUDy4oWMzJqsNbfpV1bV1Y4_vofOeLe-U8bqd8o"
    }
  ]
}
2025-03-21 05:13:40,941:DEBUG:acme.client:Storing nonce: Gsl22hvl9D6DhQejnFyWxp97ncxN0qBumrStiU9Zrf4X0N2JCzk
2025-03-21 05:13:43,942:DEBUG:acme.client:JWS payload:
b''
2025-03-21 05:13:43,943:DEBUG:acme.client:Sending POST request to https://acme-v02.api.letsencrypt.org/acme/authz/2294004676/493029081806:
{
  "protected": "eyJhbGciOiAiUlMyNTYiLCAia2lkIjogImh0dHBzOi8vYWNtZS12MDIuYXBpLmxldHNlbmNyeXB0Lm9yZy9hY21lL2FjY3QvMjI5NDAwNDY3NiIsICJub25jZSI6ICJHc2wyMmh2bDlENkRoUWVqbkZ5V3hwOTduY3hOMHFCdW1yU3RpVTlacmY0WDBOMkpDemsiLCAidXJsIjogImh0dHBzOi8vYWNtZS12MDIuYXBpLmxldHNlbmNyeXB0Lm9yZy9hY21lL2F1dGh6LzIyOTQwMDQ2NzYvNDkzMDI5MDgxODA2In0",
  "signature": "ktY5Vj-191XWVztdW4z9DL0HtOwy_cBfFd2lC8rbPm4skupxOm8aLWWLEcvuEa0HMimmf11Im05Ij1FGmGwu9Hc7fM_2ZO4WLoKRK4zmC21XpE_YURw1D9C0HmlUTjXTHZEo4FcWV8oO__VAry-GbN7EN5rG7_h67NRENCl_L_jQTGks0_W5mwIFTSgmCk3ULJtG-4NeQK9xFXwXScX85ZfBpWDf_3unSzGX-zU5EVD13Oexg0K3UqMwDWukIrTbtpLNbd5FcJ8AsKJSOJyeJJ_Hb4DesyjXHO5Th-bYPSJtSTWaKFa6koIfLmxe3hH8UsAiIjouB2ShGir3YYMXmQ",
  "payload": ""
}
2025-03-21 05:13:44,097:DEBUG:urllib3.connectionpool:https://acme-v02.api.letsencrypt.org:443 "POST /acme/authz/2294004676/493029081806 HTTP/1.1" 200 827
2025-03-21 05:13:44,098:DEBUG:acme.client:Received response:
HTTP 200
Server: nginx
Date: Fri, 21 Mar 2025 05:13:44 GMT
Content-Type: application/json
Content-Length: 827
Connection: keep-alive
Boulder-Requester: 2294004676
Cache-Control: public, max-age=0, no-cache
Link: <https://acme-v02.api.letsencrypt.org/directory>;rel="index"
Replay-Nonce: Gsl22hvl95FoeYvWVGqIgKgDZsp2XkIOjxJQaRHbWnXNmTHULgw
X-Frame-Options: DENY
Strict-Transport-Security: max-age=604800

{
  "identifier": {
    "type": "dns",
    "value": "iwibarngsbryn.f5.si"
  },
  "status": "pending",
  "expires": "2025-03-28T05:13:36Z",
  "challenges": [
    {
      "type": "dns-01",
      "url": "https://acme-v02.api.letsencrypt.org/acme/chall/2294004676/493029081806/NgQzfQ",
      "status": "pending",
      "token": "OMM8vUDy4oWMzJqsNbfpV1bV1Y4_vofOeLe-U8bqd8o"
    },
    {
      "type": "http-01",
      "url": "https://acme-v02.api.letsencrypt.org/acme/chall/2294004676/493029081806/lHrLfg",
      "status": "pending",
      "token": "OMM8vUDy4oWMzJqsNbfpV1bV1Y4_vofOeLe-U8bqd8o"
    },
    {
      "type": "tls-alpn-01",
      "url": "https://acme-v02.api.letsencrypt.org/acme/chall/2294004676/493029081806/nGWTWA",
      "status": "pending",
      "token": "OMM8vUDy4oWMzJqsNbfpV1bV1Y4_vofOeLe-U8bqd8o"
    }
  ]
}
2025-03-21 05:13:44,098:DEBUG:acme.client:Storing nonce: Gsl22hvl95FoeYvWVGqIgKgDZsp2XkIOjxJQaRHbWnXNmTHULgw
2025-03-21 05:13:47,099:DEBUG:acme.client:JWS payload:
b''
2025-03-21 05:13:47,100:DEBUG:acme.client:Sending POST request to https://acme-v02.api.letsencrypt.org/acme/authz/2294004676/493029081806:
{
  "protected": "eyJhbGciOiAiUlMyNTYiLCAia2lkIjogImh0dHBzOi8vYWNtZS12MDIuYXBpLmxldHNlbmNyeXB0Lm9yZy9hY21lL2FjY3QvMjI5NDAwNDY3NiIsICJub25jZSI6ICJHc2wyMmh2bDk1Rm9lWXZXVkdxSWdLZ0Rac3AyWGtJT2p4SlFhUkhiV25YTm1USFVMZ3ciLCAidXJsIjogImh0dHBzOi8vYWNtZS12MDIuYXBpLmxldHNlbmNyeXB0Lm9yZy9hY21lL2F1dGh6LzIyOTQwMDQ2NzYvNDkzMDI5MDgxODA2In0",
  "signature": "qCD2cluCaGgt6ZC9LyEwxdm2ryk3GDtcfjKM17sghWy0wzkZSABOv_3msauq1fVttLgkkLUjx-4smAA3RCjswxllik277VHiyumGmrrl7H05b9BmkN8BWINGOVYqPlMJyp5S574QthYNje0V3T0wbs61dx77qA8Ee9Z_81obsXfKEPI8Py3boJQSXsXmxuXTMLcZkk0bLbrUA8rq9MLw7NzRI87iRa44pNfbbZz2ZqJPBfaE2hIHMNJ536MRQPQnTjrQBlWT2FPAB4Ee5rhn3eq33xxX5BfaBEsYRPeBgQsF_QgPOLispYqFVUxuQHrRTaQ3BMVfBa7Op6r6wLRgsw",
  "payload": ""
}
2025-03-21 05:13:47,267:DEBUG:urllib3.connectionpool:https://acme-v02.api.letsencrypt.org:443 "POST /acme/authz/2294004676/493029081806 HTTP/1.1" 200 1076
2025-03-21 05:13:47,268:DEBUG:acme.client:Received response:
HTTP 200
Server: nginx
Date: Fri, 21 Mar 2025 05:13:47 GMT
Content-Type: application/json
Content-Length: 1076
Connection: keep-alive
Boulder-Requester: 2294004676
Cache-Control: public, max-age=0, no-cache
Link: <https://acme-v02.api.letsencrypt.org/directory>;rel="index"
Replay-Nonce: Gsl22hvlYGV4AhIz-SKq5aimUHI1jv_zwQ8MS9ZZNmzU4T_Kog0
X-Frame-Options: DENY
Strict-Transport-Security: max-age=604800

{
  "identifier": {
    "type": "dns",
    "value": "iwibarngsbryn.f5.si"
  },
  "status": "invalid",
  "expires": "2025-03-28T05:13:36Z",
  "challenges": [
    {
      "type": "http-01",
      "url": "https://acme-v02.api.letsencrypt.org/acme/chall/2294004676/493029081806/lHrLfg",
      "status": "invalid",
      "validated": "2025-03-21T05:13:36Z",
      "error": {
        "type": "urn:ietf:params:acme:error:connection",
        "detail": "125.56.1.18: Fetching http://iwibarngsbryn.f5.si/.well-known/acme-challenge/OMM8vUDy4oWMzJqsNbfpV1bV1Y4_vofOeLe-U8bqd8o: Timeout during connect (likely firewall problem)",
        "status": 400
      },
      "token": "OMM8vUDy4oWMzJqsNbfpV1bV1Y4_vofOeLe-U8bqd8o",
      "validationRecord": [
        {
          "url": "http://iwibarngsbryn.f5.si/.well-known/acme-challenge/OMM8vUDy4oWMzJqsNbfpV1bV1Y4_vofOeLe-U8bqd8o",
          "hostname": "iwibarngsbryn.f5.si",
          "port": "80",
          "addressesResolved": [
            "125.56.1.18"
          ],
          "addressUsed": "125.56.1.18"
        }
      ]
    }
  ]
}
2025-03-21 05:13:47,268:DEBUG:acme.client:Storing nonce: Gsl22hvlYGV4AhIz-SKq5aimUHI1jv_zwQ8MS9ZZNmzU4T_Kog0
2025-03-21 05:13:47,268:INFO:certbot._internal.auth_handler:Challenge failed for domain iwibarngsbryn.f5.si
2025-03-21 05:13:47,268:INFO:certbot._internal.auth_handler:http-01 challenge for iwibarngsbryn.f5.si
2025-03-21 05:13:47,269:DEBUG:certbot._internal.display.obj:Notifying user: 
Certbot failed to authenticate some domains (authenticator: webroot). The Certificate Authority reported these problems:
  Domain: iwibarngsbryn.f5.si
  Type:   connection
  Detail: 125.56.1.18: Fetching http://iwibarngsbryn.f5.si/.well-known/acme-challenge/OMM8vUDy4oWMzJqsNbfpV1bV1Y4_vofOeLe-U8bqd8o: Timeout during connect (likely firewall problem)

Hint: The Certificate Authority failed to download the temporary challenge files created by Certbot. Ensure that the listed domains serve their content from the provided --webroot-path/-w and that files created there can be downloaded from the internet.

2025-03-21 05:13:47,270:DEBUG:certbot._internal.error_handler:Encountered exception:
Traceback (most recent call last):
  File "/opt/certbot/src/certbot/certbot/_internal/auth_handler.py", line 108, in handle_authorizations
    self._poll_authorizations(authzrs, max_retries, max_time_mins, best_effort)
  File "/opt/certbot/src/certbot/certbot/_internal/auth_handler.py", line 212, in _poll_authorizations
    raise errors.AuthorizationError('Some challenges have failed.')
certbot.errors.AuthorizationError: Some challenges have failed.

2025-03-21 05:13:47,270:DEBUG:certbot._internal.error_handler:Calling registered functions
2025-03-21 05:13:47,270:INFO:certbot._internal.auth_handler:Cleaning up challenges
2025-03-21 05:13:47,270:DEBUG:certbot._internal.plugins.webroot:Removing /usr/share/nginx/html/.well-known/acme-challenge/OMM8vUDy4oWMzJqsNbfpV1bV1Y4_vofOeLe-U8bqd8o
2025-03-21 05:13:47,270:DEBUG:certbot._internal.plugins.webroot:All challenges cleaned up
2025-03-21 05:13:47,271:DEBUG:certbot._internal.log:Exiting abnormally:
Traceback (most recent call last):
  File "/usr/local/bin/certbot", line 33, in <module>
    sys.exit(load_entry_point('certbot', 'console_scripts', 'certbot')())
             ^^^^^^^^^^^^^^^^^^^^^^^^^^^^^^^^^^^^^^^^^^^^^^^^^^^^^^^^^^^
  File "/opt/certbot/src/certbot/certbot/main.py", line 19, in main
    return internal_main.main(cli_args)
           ^^^^^^^^^^^^^^^^^^^^^^^^^^^^
  File "/opt/certbot/src/certbot/certbot/_internal/main.py", line 1871, in main
    return config.func(config, plugins)
           ^^^^^^^^^^^^^^^^^^^^^^^^^^^^
  File "/opt/certbot/src/certbot/certbot/_internal/main.py", line 1577, in certonly
    lineage = _get_and_save_cert(le_client, config, domains, certname, lineage)
              ^^^^^^^^^^^^^^^^^^^^^^^^^^^^^^^^^^^^^^^^^^^^^^^^^^^^^^^^^^^^^^^^^
  File "/opt/certbot/src/certbot/certbot/_internal/main.py", line 142, in _get_and_save_cert
    lineage = le_client.obtain_and_enroll_certificate(domains, certname)
              ^^^^^^^^^^^^^^^^^^^^^^^^^^^^^^^^^^^^^^^^^^^^^^^^^^^^^^^^^^
  File "/opt/certbot/src/certbot/certbot/_internal/client.py", line 513, in obtain_and_enroll_certificate
    cert, chain, key, _ = self.obtain_certificate(domains)
                          ^^^^^^^^^^^^^^^^^^^^^^^^^^^^^^^^
  File "/opt/certbot/src/certbot/certbot/_internal/client.py", line 423, in obtain_certificate
    orderr = self._get_order_and_authorizations(csr.data, self.config.allow_subset_of_names)
             ^^^^^^^^^^^^^^^^^^^^^^^^^^^^^^^^^^^^^^^^^^^^^^^^^^^^^^^^^^^^^^^^^^^^^^^^^^^^^^^
  File "/opt/certbot/src/certbot/certbot/_internal/client.py", line 492, in _get_order_and_authorizations
    authzr = self.auth_handler.handle_authorizations(orderr, self.config, best_effort)
             ^^^^^^^^^^^^^^^^^^^^^^^^^^^^^^^^^^^^^^^^^^^^^^^^^^^^^^^^^^^^^^^^^^^^^^^^^
  File "/opt/certbot/src/certbot/certbot/_internal/auth_handler.py", line 108, in handle_authorizations
    self._poll_authorizations(authzrs, max_retries, max_time_mins, best_effort)
  File "/opt/certbot/src/certbot/certbot/_internal/auth_handler.py", line 212, in _poll_authorizations
    raise errors.AuthorizationError('Some challenges have failed.')
certbot.errors.AuthorizationError: Some challenges have failed.
2025-03-21 05:13:47,273:ERROR:certbot._internal.log:Some challenges have failed.
